{
  "RSpec": {
    "coverage": {
      "/Users/benmort/code/getup/identity_kooragang/lib/identity_kooragang/version.rb": [
        1,
        1,
        null
      ],
      "/Users/benmort/code/getup/identity_kooragang/lib/identity_kooragang.rb": [
        1,
        null,
        1,
        1,
        1,
        1,
        1,
        1,
        1,
        1,
        null,
        4,
        null,
        3,
        3,
        3,
        null,
        3,
        0,
        0,
        0,
        null,
        null,
        null,
        4,
        null,
        3,
        3,
        3,
        3,
        3,
        null,
        null,
        null,
        null,
        null,
        3,
        null,
        3,
        null,
        3,
        0,
        0,
        0,
        null,
        null,
        null,
        1,
        0,
        null,
        null,
        1,
        34,
        17,
        17,
        null,
        17,
        52,
        52,
        null,
        52,
        1,
        1,
        null,
        null,
        51,
        47,
        null,
        4,
        null,
        null,
        51,
        51,
        null,
        51,
        null,
        null,
        null,
        null,
        null,
        null,
        null,
        51,
        93,
        93,
        null,
        null,
        93,
        93,
        1,
        1,
        null,
        null,
        null,
        null,
        17,
        32,
        null,
        null,
        17,
        null,
        null,
        null
      ],
      "/Users/benmort/code/getup/identity_kooragang/lib/identity_kooragang/engine.rb": [
        1,
        1,
        1,
        null,
        null
      ],
      "/Users/benmort/code/getup/identity_kooragang/config/spring.rb": [
        1
      ],
      "/Users/benmort/code/getup/identity_kooragang/config/routes.rb": [
        1,
        null
      ],
      "/Users/benmort/code/getup/identity_kooragang/app/models/identity_kooragang/callee.rb": [
        1,
        1,
        1,
        1,
        1,
        1,
        1,
        null,
        1,
        6,
        6,
        6,
        1,
        null,
        6,
        null,
        null,
        null
      ],
      "/Users/benmort/code/getup/identity_kooragang/app/models/identity_kooragang/application_record.rb": [
        1,
        1,
        1,
        null,
        null
      ],
      "/Users/benmort/code/getup/identity_kooragang/app/lib/identity_kooragang/read_write.rb": [
        1,
        1,
        1,
        2,
        null,
        null,
        null
      ],
      "/Users/benmort/code/getup/identity_kooragang/app/lib/identity_kooragang/connection_extension.rb": [
        1,
        1,
        1,
        1,
        1,
        6,
        6,
        12,
        72,
        36,
        null,
        36,
        null,
        null,
        12,
        null,
        6,
        6,
        6,
        6,
        null,
        null,
        null,
        null,
        null
      ],
      "/Users/benmort/code/getup/identity_kooragang/app/serializers/identity_kooragang/kooragang_member_sync_push_serializer.rb": [
        1,
        1,
        1,
        null,
        1,
        16,
        null,
        null,
        1,
        16,
        null,
        null,
        1,
        16,
        null,
        null,
        1,
        16,
        null,
        null,
        1,
        16,
        null,
        null,
        null
      ],
      "/Users/benmort/code/getup/identity_kooragang/app/models/identity_kooragang/call.rb": [
        1,
        1,
        1,
        1,
        1,
        1,
        1,
        1,
        null,
        1,
        null,
        1,
        null,
        null,
        null,
        null,
        null,
        null,
        17,
        null,
        null,
        null
      ],
      "/Users/benmort/code/getup/identity_kooragang/app/lib/identity_kooragang/read_only.rb": [
        1,
        1,
        1,
        4,
        null,
        null,
        null
      ],
      "/Users/benmort/code/getup/identity_kooragang/app/models/identity_kooragang/campaign.rb": [
        1,
        1,
        1,
        1,
        1,
        1,
        null,
        null
      ],
      "/Users/benmort/code/getup/identity_kooragang/app/models/identity_kooragang/caller.rb": [
        1,
        1,
        1,
        1,
        1,
        null,
        null
      ],
      "/Users/benmort/code/getup/identity_kooragang/app/models/identity_kooragang/survey_result.rb": [
        1,
        1,
        1,
        1,
        1,
        null,
        null
      ],
      "/Users/benmort/code/getup/identity_kooragang/app/models/identity_kooragang/audience.rb": [
        1,
        1,
        1,
        1,
        1,
        null,
        null
      ]
    },
    "timestamp": 1541112432
  }
}
